2016-04-11 21:19:58,723:723.396062851 - ubuntu_sso.utils.translation - WARNING - Translations not found, using null translator.
2016-04-11 21:20:02,901:901.617050171 - ubuntu_sso.main - INFO - Setting up Ubuntu SSO service.
2016-04-11 21:20:04,450:450.906991959 - ubuntu_sso.main - INFO - Ubuntu SSO service started.
2016-04-11 21:20:04,451:451.262950897 - ubuntu_sso.account - INFO - Creating a new SSO access layer for service url u'https://login.ubuntu.com/api/1.0/'
2016-04-11 21:20:04,505:505.336999893 - ubuntu_sso.credentials - INFO - find_credentials: self.app_name dbus.String(u'Ubuntu Software Center'), result is {}? True
2016-04-11 21:20:04,505:505.774974823 - ubuntu_sso.main - INFO - 'CredentialsManagement': emitting 'CredentialsNotFound' with args (dbus.String(u'Ubuntu Software Center'),) and kwargs {}
2016-04-11 21:20:14,577:577.956914902 - ubuntu_sso.main - INFO - Shutting down, calling <function shutdown_func at 0xb6b098ec>.
2016-04-11 21:25:05,068:68.4030056 - ubuntu_sso.utils.translation - WARNING - Translations not found, using null translator.
2016-04-11 21:25:05,095:95.1869487762 - ubuntu_sso.main - INFO - Setting up Ubuntu SSO service.
2016-04-11 21:25:05,104:104.624986649 - ubuntu_sso.main - INFO - Ubuntu SSO service started.
2016-04-11 21:25:05,104:104.945898056 - ubuntu_sso.account - INFO - Creating a new SSO access layer for service url u'https://login.ubuntu.com/api/1.0/'
2016-04-11 21:25:05,115:115.046024323 - ubuntu_sso.credentials - INFO - find_credentials: self.app_name dbus.String(u'Ubuntu Software Center'), result is {}? True
2016-04-11 21:25:05,115:115.420103073 - ubuntu_sso.main - INFO - 'CredentialsManagement': emitting 'CredentialsNotFound' with args (dbus.String(u'Ubuntu Software Center'),) and kwargs {}
2016-04-11 21:25:15,115:115.894079208 - ubuntu_sso.main - INFO - Shutting down, calling <function shutdown_func at 0xb6a7d8ec>.
2016-04-11 21:43:07,554:554.821014404 - ubuntu_sso.utils.translation - WARNING - Translations not found, using null translator.
2016-04-11 21:43:07,586:586.460113525 - ubuntu_sso.main - INFO - Setting up Ubuntu SSO service.
2016-04-11 21:43:07,594:594.815969467 - ubuntu_sso.main - INFO - Ubuntu SSO service started.
2016-04-11 21:43:07,595:595.190048218 - ubuntu_sso.account - INFO - Creating a new SSO access layer for service url u'https://login.ubuntu.com/api/1.0/'
2016-04-11 21:43:07,617:617.862939835 - ubuntu_sso.credentials - INFO - find_credentials: self.app_name dbus.String(u'Ubuntu One'), result is {}? True
2016-04-11 21:43:07,618:618.391990662 - ubuntu_sso.main - INFO - 'CredentialsManagement': emitting 'CredentialsNotFound' with args (dbus.String(u'Ubuntu One'),) and kwargs {}
2016-04-11 21:43:17,625:625.868082047 - ubuntu_sso.main - INFO - Shutting down, calling <function shutdown_func at 0xb6b518ec>.
2016-04-11 21:43:23,680:680.886030197 - ubuntu_sso.utils.translation - WARNING - Translations not found, using null translator.
2016-04-11 21:43:23,712:712.812900543 - ubuntu_sso.main - INFO - Setting up Ubuntu SSO service.
2016-04-11 21:43:23,722:722.56398201 - ubuntu_sso.main - INFO - Ubuntu SSO service started.
2016-04-11 21:43:23,722:722.9180336 - ubuntu_sso.account - INFO - Creating a new SSO access layer for service url u'https://login.ubuntu.com/api/1.0/'
2016-04-11 21:43:23,745:745.471000671 - ubuntu_sso.credentials - INFO - find_credentials: self.app_name dbus.String(u'Ubuntu One'), result is {}? True
2016-04-11 21:43:23,745:745.956897736 - ubuntu_sso.main - INFO - 'CredentialsManagement': emitting 'CredentialsNotFound' with args (dbus.String(u'Ubuntu One'),) and kwargs {}
2016-04-11 21:43:33,753:753.859043121 - ubuntu_sso.main - INFO - Shutting down, calling <function shutdown_func at 0xb6a5e8ec>.
2016-04-11 21:43:50,104:104.690074921 - ubuntu_sso.utils.translation - WARNING - Translations not found, using null translator.
2016-04-11 21:43:50,153:153.178930283 - ubuntu_sso.main - INFO - Setting up Ubuntu SSO service.
2016-04-11 21:43:50,172:172.105073929 - ubuntu_sso.main - INFO - Ubuntu SSO service started.
2016-04-11 21:43:50,172:172.466039658 - ubuntu_sso.account - INFO - Creating a new SSO access layer for service url u'https://login.ubuntu.com/api/1.0/'
2016-04-11 21:43:50,192:192.698001862 - ubuntu_sso.credentials - INFO - find_credentials: self.app_name dbus.String(u'Ubuntu One'), result is {}? True
2016-04-11 21:43:50,193:193.161964417 - ubuntu_sso.main - INFO - 'CredentialsManagement': emitting 'CredentialsNotFound' with args (dbus.String(u'Ubuntu One'),) and kwargs {}
2016-04-11 21:44:00,201:201.901912689 - ubuntu_sso.main - INFO - Shutting down, calling <function shutdown_func at 0xb6a8c8ec>.
2016-04-11 21:48:51,072:72.6130008698 - ubuntu_sso.utils.translation - WARNING - Translations not found, using null translator.
2016-04-11 21:48:51,099:99.319934845 - ubuntu_sso.main - INFO - Setting up Ubuntu SSO service.
2016-04-11 21:48:51,106:106.78601265 - ubuntu_sso.main - INFO - Ubuntu SSO service started.
2016-04-11 21:48:51,107:107.17010498 - ubuntu_sso.account - INFO - Creating a new SSO access layer for service url u'https://login.ubuntu.com/api/1.0/'
2016-04-11 21:48:51,122:122.260093689 - ubuntu_sso.credentials - INFO - find_credentials: self.app_name dbus.String(u'Ubuntu One'), result is {}? True
2016-04-11 21:48:51,122:122.637987137 - ubuntu_sso.main - INFO - 'CredentialsManagement': emitting 'CredentialsNotFound' with args (dbus.String(u'Ubuntu One'),) and kwargs {}
2016-04-11 21:49:01,129:129.951000214 - ubuntu_sso.main - INFO - Shutting down, calling <function shutdown_func at 0xb6ae88ec>.
2016-04-11 21:53:51,102:102.421045303 - ubuntu_sso.utils.translation - WARNING - Translations not found, using null translator.
2016-04-11 21:53:51,140:140.603065491 - ubuntu_sso.main - INFO - Setting up Ubuntu SSO service.
2016-04-11 21:53:51,157:157.263994217 - ubuntu_sso.main - INFO - Ubuntu SSO service started.
2016-04-11 21:53:51,157:157.629013062 - ubuntu_sso.account - INFO - Creating a new SSO access layer for service url u'https://login.ubuntu.com/api/1.0/'
2016-04-11 21:53:51,174:174.93891716 - ubuntu_sso.credentials - INFO - find_credentials: self.app_name dbus.String(u'Ubuntu One'), result is {}? True
2016-04-11 21:53:51,175:175.311088562 - ubuntu_sso.main - INFO - 'CredentialsManagement': emitting 'CredentialsNotFound' with args (dbus.String(u'Ubuntu One'),) and kwargs {}
2016-04-11 21:54:01,181:181.884050369 - ubuntu_sso.main - INFO - Shutting down, calling <function shutdown_func at 0xb6b3a8ec>.
