
(unity-panel-service:18482): GdkPixbuf-WARNING **: Cannot open pixbuf loader module file '/usr/lib/i386-linux-gnu/gdk-pixbuf-2.0/2.10.0/loaders.cache': No such file or directory

This likely means that your installation is broken.
Try running the command
  gdk-pixbuf-query-loaders > /usr/lib/i386-linux-gnu/gdk-pixbuf-2.0/2.10.0/loaders.cache
to make things work again for the time being.

(unity-panel-service:18482): Gtk-WARNING **: Error loading image 'file:///usr/share/themes/Ambiance/gtk-3.0/assets/entry.png': Unrecognized image file format

(unity-panel-service:18482): Gtk-WARNING **: Error loading image 'file:///usr/share/themes/Ambiance/gtk-3.0/assets/entry-disabled.png': Unrecognized image file format

(unity-panel-service:18482): GdkPixbuf-CRITICAL **: gdk_pixbuf_get_height: assertion 'GDK_IS_PIXBUF (pixbuf)' failed

(unity-panel-service:18482): GLib-GObject-CRITICAL **: g_object_unref: assertion 'G_IS_OBJECT (object)' failed

(unity-panel-service:18482): GdkPixbuf-CRITICAL **: gdk_pixbuf_get_height: assertion 'GDK_IS_PIXBUF (pixbuf)' failed

(unity-panel-service:18482): GLib-GObject-CRITICAL **: g_object_unref: assertion 'G_IS_OBJECT (object)' failed

(unity-panel-service:18482): GLib-GObject-CRITICAL **: g_object_unref: assertion 'G_IS_OBJECT (object)' failed

(unity-panel-service:18482): GLib-GObject-CRITICAL **: g_object_unref: assertion 'G_IS_OBJECT (object)' failed

(unity-panel-service:18482): GdkPixbuf-CRITICAL **: gdk_pixbuf_get_height: assertion 'GDK_IS_PIXBUF (pixbuf)' failed

(unity-panel-service:18482): GLib-GObject-CRITICAL **: g_object_unref: assertion 'G_IS_OBJECT (object)' failed

(unity-panel-service:18482): GdkPixbuf-CRITICAL **: gdk_pixbuf_get_height: assertion 'GDK_IS_PIXBUF (pixbuf)' failed

(unity-panel-service:18482): GLib-GObject-CRITICAL **: g_object_unref: assertion 'G_IS_OBJECT (object)' failed

(unity-panel-service:18482): GLib-GObject-CRITICAL **: g_object_unref: assertion 'G_IS_OBJECT (object)' failed

(unity-panel-service:18482): GdkPixbuf-CRITICAL **: gdk_pixbuf_get_height: assertion 'GDK_IS_PIXBUF (pixbuf)' failed

(unity-panel-service:18482): GLib-GObject-CRITICAL **: g_object_unref: assertion 'G_IS_OBJECT (object)' failed

(unity-panel-service:18482): GdkPixbuf-CRITICAL **: gdk_pixbuf_get_height: assertion 'GDK_IS_PIXBUF (pixbuf)' failed

(unity-panel-service:18482): GLib-GObject-CRITICAL **: g_object_unref: assertion 'G_IS_OBJECT (object)' failed
