
(unity-panel-service:1771): Indicator-Appmenu-CRITICAL **: window_menu_model_new: assertion 'BAMF_IS_APPLICATION(app)' failed

(unity-panel-service:1771): Indicator-Appmenu-CRITICAL **: track_menus: assertion 'IS_WINDOW_MENU(menus)' failed

(unity-panel-service:1771): Indicator-Appmenu-CRITICAL **: window_menu_model_new: assertion 'BAMF_IS_APPLICATION(app)' failed

(unity-panel-service:1771): Indicator-Appmenu-CRITICAL **: track_menus: assertion 'IS_WINDOW_MENU(menus)' failed

(unity-panel-service:1771): Indicator-Appmenu-CRITICAL **: window_menu_model_new: assertion 'BAMF_IS_APPLICATION(app)' failed

(unity-panel-service:1771): Indicator-Appmenu-CRITICAL **: track_menus: assertion 'IS_WINDOW_MENU(menus)' failed

(unity-panel-service:1771): GLib-CRITICAL **: Source ID 190 was not found when attempting to remove it

(unity-panel-service:1771): Indicator-Appmenu-CRITICAL **: window_menu_model_new: assertion 'BAMF_IS_APPLICATION(app)' failed

(unity-panel-service:1771): Indicator-Appmenu-CRITICAL **: track_menus: assertion 'IS_WINDOW_MENU(menus)' failed

(unity-panel-service:1771): GLib-CRITICAL **: Source ID 446 was not found when attempting to remove it

(unity-panel-service:1771): GLib-CRITICAL **: Source ID 693 was not found when attempting to remove it

(unity-panel-service:1771): Indicator-Appmenu-WARNING **: Already have a menu for window ID 56623283 with path /com/canonical/menu/36000B3 from :1.115, unregistering that one

(unity-panel-service:1771): Indicator-Appmenu-CRITICAL **: menus_destroyed: assertion 'IS_WINDOW_MENU(wm)' failed

(unity-panel-service:1771): Indicator-Appmenu-CRITICAL **: menus_destroyed: assertion 'IS_WINDOW_MENU(wm)' failed

(unity-panel-service:1771): GLib-CRITICAL **: Source ID 710 was not found when attempting to remove it

(unity-panel-service:1771): GLib-CRITICAL **: Source ID 1937 was not found when attempting to remove it

(unity-panel-service:1771): Indicator-Appmenu-WARNING **: Already have a menu for window ID 56623327 with path /com/canonical/menu/36000DF from :1.129, unregistering that one

(unity-panel-service:1771): GLib-CRITICAL **: Source ID 2147 was not found when attempting to remove it

(unity-panel-service:1771): GLib-CRITICAL **: Source ID 2516 was not found when attempting to remove it

(unity-panel-service:1771): GLib-CRITICAL **: Source ID 2562 was not found when attempting to remove it

(unity-panel-service:1771): GLib-CRITICAL **: Source ID 2704 was not found when attempting to remove it

(unity-panel-service:1771): GLib-CRITICAL **: Source ID 2728 was not found when attempting to remove it

(unity-panel-service:1771): GLib-CRITICAL **: Source ID 2860 was not found when attempting to remove it

(unity-panel-service:1771): Gtk-CRITICAL **: gtk_label_set_text_with_mnemonic: assertion 'str != NULL' failed

(unity-panel-service:1771): Gtk-CRITICAL **: gtk_label_set_text_with_mnemonic: assertion 'str != NULL' failed

(unity-panel-service:1771): Gtk-CRITICAL **: gtk_label_set_text_with_mnemonic: assertion 'str != NULL' failed

(unity-panel-service:1771): Gtk-CRITICAL **: gtk_label_set_text_with_mnemonic: assertion 'str != NULL' failed

(unity-panel-service:1771): Gtk-CRITICAL **: gtk_label_set_text_with_mnemonic: assertion 'str != NULL' failed

(unity-panel-service:1771): Gtk-CRITICAL **: gtk_label_set_text_with_mnemonic: assertion 'str != NULL' failed

(unity-panel-service:1771): Gtk-CRITICAL **: gtk_label_set_text_with_mnemonic: assertion 'str != NULL' failed

(unity-panel-service:1771): Gtk-CRITICAL **: gtk_label_set_text_with_mnemonic: assertion 'str != NULL' failed

(unity-panel-service:1771): Gtk-CRITICAL **: gtk_label_set_text_with_mnemonic: assertion 'str != NULL' failed

(unity-panel-service:1771): Gtk-CRITICAL **: gtk_label_set_text_with_mnemonic: assertion 'str != NULL' failed

(unity-panel-service:1771): Gtk-CRITICAL **: gtk_label_set_text_with_mnemonic: assertion 'str != NULL' failed

(unity-panel-service:1771): Gtk-CRITICAL **: gtk_label_set_text_with_mnemonic: assertion 'str != NULL' failed

(unity-panel-service:1771): Gtk-CRITICAL **: gtk_label_set_text_with_mnemonic: assertion 'str != NULL' failed

(unity-panel-service:1771): Gtk-CRITICAL **: gtk_label_set_text_with_mnemonic: assertion 'str != NULL' failed

(unity-panel-service:1771): Gtk-CRITICAL **: gtk_label_set_text_with_mnemonic: assertion 'str != NULL' failed

(unity-panel-service:1771): Gtk-CRITICAL **: gtk_label_set_text_with_mnemonic: assertion 'str != NULL' failed

(unity-panel-service:1771): Gtk-CRITICAL **: gtk_label_set_text_with_mnemonic: assertion 'str != NULL' failed

(unity-panel-service:1771): Gtk-CRITICAL **: gtk_label_set_text_with_mnemonic: assertion 'str != NULL' failed

(unity-panel-service:1771): Gtk-CRITICAL **: gtk_label_set_text_with_mnemonic: assertion 'str != NULL' failed

(unity-panel-service:1771): Gtk-CRITICAL **: gtk_label_set_text_with_mnemonic: assertion 'str != NULL' failed

(unity-panel-service:1771): Gtk-CRITICAL **: gtk_label_set_text_with_mnemonic: assertion 'str != NULL' failed

(unity-panel-service:1771): Gtk-CRITICAL **: gtk_label_set_text_with_mnemonic: assertion 'str != NULL' failed

(unity-panel-service:1771): Gtk-CRITICAL **: gtk_label_set_text_with_mnemonic: assertion 'str != NULL' failed

(unity-panel-service:1771): Gtk-CRITICAL **: gtk_label_set_text_with_mnemonic: assertion 'str != NULL' failed

(unity-panel-service:1771): Gtk-CRITICAL **: gtk_label_set_text_with_mnemonic: assertion 'str != NULL' failed

(unity-panel-service:1771): Gtk-CRITICAL **: gtk_label_set_text_with_mnemonic: assertion 'str != NULL' failed

(unity-panel-service:1771): Gtk-CRITICAL **: gtk_label_set_text_with_mnemonic: assertion 'str != NULL' failed

(unity-panel-service:1771): Gtk-CRITICAL **: gtk_label_set_text_with_mnemonic: assertion 'str != NULL' failed

(unity-panel-service:1771): Gtk-CRITICAL **: gtk_label_set_text_with_mnemonic: assertion 'str != NULL' failed

(unity-panel-service:1771): Gtk-CRITICAL **: gtk_label_set_text_with_mnemonic: assertion 'str != NULL' failed

(unity-panel-service:1771): Gtk-CRITICAL **: gtk_label_set_text_with_mnemonic: assertion 'str != NULL' failed

(unity-panel-service:1771): Gtk-CRITICAL **: gtk_label_set_text_with_mnemonic: assertion 'str != NULL' failed

(unity-panel-service:1771): Gtk-CRITICAL **: gtk_label_set_text_with_mnemonic: assertion 'str != NULL' failed

(unity-panel-service:1771): Gtk-CRITICAL **: gtk_label_set_text_with_mnemonic: assertion 'str != NULL' failed

(unity-panel-service:1771): Gtk-CRITICAL **: gtk_label_set_text_with_mnemonic: assertion 'str != NULL' failed

(unity-panel-service:1771): Gtk-CRITICAL **: gtk_label_set_text_with_mnemonic: assertion 'str != NULL' failed

(unity-panel-service:1771): Gtk-CRITICAL **: gtk_label_set_text_with_mnemonic: assertion 'str != NULL' failed

(unity-panel-service:1771): Gtk-CRITICAL **: gtk_label_set_text_with_mnemonic: assertion 'str != NULL' failed

(unity-panel-service:1771): Gtk-CRITICAL **: gtk_label_set_text_with_mnemonic: assertion 'str != NULL' failed

(unity-panel-service:1771): Gtk-CRITICAL **: gtk_label_set_text_with_mnemonic: assertion 'str != NULL' failed

(unity-panel-service:1771): Gtk-CRITICAL **: gtk_label_set_text_with_mnemonic: assertion 'str != NULL' failed

(unity-panel-service:1771): Gtk-CRITICAL **: gtk_label_set_text_with_mnemonic: assertion 'str != NULL' failed

(unity-panel-service:1771): Gtk-CRITICAL **: gtk_label_set_text_with_mnemonic: assertion 'str != NULL' failed

(unity-panel-service:1771): Gtk-CRITICAL **: gtk_label_set_text_with_mnemonic: assertion 'str != NULL' failed

(unity-panel-service:1771): Gtk-CRITICAL **: gtk_label_set_text_with_mnemonic: assertion 'str != NULL' failed

(unity-panel-service:1771): Gtk-CRITICAL **: gtk_label_set_text_with_mnemonic: assertion 'str != NULL' failed

(unity-panel-service:1771): Gtk-CRITICAL **: gtk_label_set_text_with_mnemonic: assertion 'str != NULL' failed

(unity-panel-service:1771): Gtk-CRITICAL **: gtk_label_set_text_with_mnemonic: assertion 'str != NULL' failed

(unity-panel-service:1771): Gtk-CRITICAL **: gtk_label_set_text_with_mnemonic: assertion 'str != NULL' failed

(unity-panel-service:1771): Gtk-CRITICAL **: gtk_label_set_text_with_mnemonic: assertion 'str != NULL' failed

(unity-panel-service:1771): Gtk-CRITICAL **: gtk_label_set_text_with_mnemonic: assertion 'str != NULL' failed

(unity-panel-service:1771): Gtk-CRITICAL **: gtk_label_set_text_with_mnemonic: assertion 'str != NULL' failed

(unity-panel-service:1771): Gtk-CRITICAL **: gtk_label_set_text_with_mnemonic: assertion 'str != NULL' failed

(unity-panel-service:1771): Gtk-CRITICAL **: gtk_label_set_text_with_mnemonic: assertion 'str != NULL' failed

(unity-panel-service:1771): Gtk-CRITICAL **: gtk_label_set_text_with_mnemonic: assertion 'str != NULL' failed

(unity-panel-service:1771): Gtk-CRITICAL **: gtk_label_set_text_with_mnemonic: assertion 'str != NULL' failed

(unity-panel-service:1771): Gtk-CRITICAL **: gtk_label_set_text_with_mnemonic: assertion 'str != NULL' failed

(unity-panel-service:1771): Gtk-CRITICAL **: gtk_label_set_text_with_mnemonic: assertion 'str != NULL' failed

(unity-panel-service:1771): Gtk-CRITICAL **: gtk_label_set_text_with_mnemonic: assertion 'str != NULL' failed

(unity-panel-service:1771): Gtk-CRITICAL **: gtk_label_set_text_with_mnemonic: assertion 'str != NULL' failed

(unity-panel-service:1771): Gtk-CRITICAL **: gtk_label_set_text_with_mnemonic: assertion 'str != NULL' failed

(unity-panel-service:1771): Gtk-CRITICAL **: gtk_label_set_text_with_mnemonic: assertion 'str != NULL' failed

(unity-panel-service:1771): Gtk-CRITICAL **: gtk_label_set_text_with_mnemonic: assertion 'str != NULL' failed

(unity-panel-service:1771): Gtk-CRITICAL **: gtk_label_set_text_with_mnemonic: assertion 'str != NULL' failed

(unity-panel-service:1771): Gtk-CRITICAL **: gtk_label_set_text_with_mnemonic: assertion 'str != NULL' failed

(unity-panel-service:1771): Gtk-CRITICAL **: gtk_label_set_text_with_mnemonic: assertion 'str != NULL' failed

(unity-panel-service:1771): Gtk-CRITICAL **: gtk_label_set_text_with_mnemonic: assertion 'str != NULL' failed

(unity-panel-service:1771): Gtk-CRITICAL **: gtk_label_set_text_with_mnemonic: assertion 'str != NULL' failed

(unity-panel-service:1771): Gtk-CRITICAL **: gtk_label_set_text_with_mnemonic: assertion 'str != NULL' failed

(unity-panel-service:1771): Gtk-CRITICAL **: gtk_label_set_text_with_mnemonic: assertion 'str != NULL' failed

(unity-panel-service:1771): Gtk-CRITICAL **: gtk_label_set_text_with_mnemonic: assertion 'str != NULL' failed

(unity-panel-service:1771): Gtk-CRITICAL **: gtk_label_set_text_with_mnemonic: assertion 'str != NULL' failed

(unity-panel-service:1771): Gtk-CRITICAL **: gtk_label_set_text_with_mnemonic: assertion 'str != NULL' failed

(unity-panel-service:1771): Gtk-CRITICAL **: gtk_label_set_text_with_mnemonic: assertion 'str != NULL' failed

(unity-panel-service:1771): Gtk-CRITICAL **: gtk_label_set_text_with_mnemonic: assertion 'str != NULL' failed

(unity-panel-service:1771): Gtk-CRITICAL **: gtk_label_set_text_with_mnemonic: assertion 'str != NULL' failed

(unity-panel-service:1771): Gtk-CRITICAL **: gtk_label_set_text_with_mnemonic: assertion 'str != NULL' failed

(unity-panel-service:1771): Gtk-CRITICAL **: gtk_label_set_text_with_mnemonic: assertion 'str != NULL' failed

(unity-panel-service:1771): Gtk-CRITICAL **: gtk_label_set_text_with_mnemonic: assertion 'str != NULL' failed

(unity-panel-service:1771): Gtk-CRITICAL **: gtk_label_set_text_with_mnemonic: assertion 'str != NULL' failed

(unity-panel-service:1771): Gtk-CRITICAL **: gtk_label_set_text_with_mnemonic: assertion 'str != NULL' failed

(unity-panel-service:1771): Gtk-CRITICAL **: gtk_label_set_text_with_mnemonic: assertion 'str != NULL' failed

(unity-panel-service:1771): Gtk-CRITICAL **: gtk_label_set_text_with_mnemonic: assertion 'str != NULL' failed

(unity-panel-service:1771): Gtk-CRITICAL **: gtk_label_set_text_with_mnemonic: assertion 'str != NULL' failed

(unity-panel-service:1771): Gtk-CRITICAL **: gtk_label_set_text_with_mnemonic: assertion 'str != NULL' failed

(unity-panel-service:1771): Gtk-CRITICAL **: gtk_label_set_text_with_mnemonic: assertion 'str != NULL' failed

(unity-panel-service:1771): Gtk-CRITICAL **: gtk_label_set_text_with_mnemonic: assertion 'str != NULL' failed

(unity-panel-service:1771): Gtk-CRITICAL **: gtk_label_set_text_with_mnemonic: assertion 'str != NULL' failed

(unity-panel-service:1771): Gtk-CRITICAL **: gtk_label_set_text_with_mnemonic: assertion 'str != NULL' failed

(unity-panel-service:1771): Gtk-CRITICAL **: gtk_label_set_text_with_mnemonic: assertion 'str != NULL' failed

(unity-panel-service:1771): Gtk-CRITICAL **: gtk_label_set_text_with_mnemonic: assertion 'str != NULL' failed

(unity-panel-service:1771): Gtk-CRITICAL **: gtk_label_set_text_with_mnemonic: assertion 'str != NULL' failed

(unity-panel-service:1771): Gtk-CRITICAL **: gtk_label_set_text_with_mnemonic: assertion 'str != NULL' failed

(unity-panel-service:1771): Gtk-CRITICAL **: gtk_label_set_text_with_mnemonic: assertion 'str != NULL' failed

(unity-panel-service:1771): Gtk-CRITICAL **: gtk_label_set_text_with_mnemonic: assertion 'str != NULL' failed

(unity-panel-service:1771): Gtk-CRITICAL **: gtk_label_set_text_with_mnemonic: assertion 'str != NULL' failed

(unity-panel-service:1771): Gtk-CRITICAL **: gtk_label_set_text_with_mnemonic: assertion 'str != NULL' failed

(unity-panel-service:1771): Gtk-CRITICAL **: gtk_label_set_text_with_mnemonic: assertion 'str != NULL' failed

(unity-panel-service:1771): Gtk-CRITICAL **: gtk_label_set_text_with_mnemonic: assertion 'str != NULL' failed

(unity-panel-service:1771): Gtk-CRITICAL **: gtk_label_set_text_with_mnemonic: assertion 'str != NULL' failed

(unity-panel-service:1771): Gtk-CRITICAL **: gtk_label_set_text_with_mnemonic: assertion 'str != NULL' failed

(unity-panel-service:1771): Gtk-CRITICAL **: gtk_label_set_text_with_mnemonic: assertion 'str != NULL' failed

(unity-panel-service:1771): Gtk-CRITICAL **: gtk_label_set_text_with_mnemonic: assertion 'str != NULL' failed

(unity-panel-service:1771): Gtk-CRITICAL **: gtk_label_set_text_with_mnemonic: assertion 'str != NULL' failed

(unity-panel-service:1771): Gtk-CRITICAL **: gtk_label_set_text_with_mnemonic: assertion 'str != NULL' failed

(unity-panel-service:1771): Gtk-CRITICAL **: gtk_label_set_text_with_mnemonic: assertion 'str != NULL' failed

(unity-panel-service:1771): Gtk-CRITICAL **: gtk_label_set_text_with_mnemonic: assertion 'str != NULL' failed

(unity-panel-service:1771): Gtk-CRITICAL **: gtk_label_set_text_with_mnemonic: assertion 'str != NULL' failed

(unity-panel-service:1771): Gtk-CRITICAL **: gtk_label_set_text_with_mnemonic: assertion 'str != NULL' failed

(unity-panel-service:1771): Gtk-CRITICAL **: gtk_label_set_text_with_mnemonic: assertion 'str != NULL' failed

(unity-panel-service:1771): Gtk-CRITICAL **: gtk_label_set_text_with_mnemonic: assertion 'str != NULL' failed

(unity-panel-service:1771): Gtk-CRITICAL **: gtk_label_set_text_with_mnemonic: assertion 'str != NULL' failed

(unity-panel-service:1771): Gtk-CRITICAL **: gtk_label_set_text_with_mnemonic: assertion 'str != NULL' failed

(unity-panel-service:1771): Gtk-CRITICAL **: gtk_label_set_text_with_mnemonic: assertion 'str != NULL' failed

(unity-panel-service:1771): Gtk-CRITICAL **: gtk_label_set_text_with_mnemonic: assertion 'str != NULL' failed

(unity-panel-service:1771): Gtk-CRITICAL **: gtk_label_set_text_with_mnemonic: assertion 'str != NULL' failed

(unity-panel-service:1771): Gtk-CRITICAL **: gtk_label_set_text_with_mnemonic: assertion 'str != NULL' failed

(unity-panel-service:1771): Gtk-CRITICAL **: gtk_label_set_text_with_mnemonic: assertion 'str != NULL' failed

(unity-panel-service:1771): Gtk-CRITICAL **: gtk_label_set_text_with_mnemonic: assertion 'str != NULL' failed

(unity-panel-service:1771): Gtk-CRITICAL **: gtk_label_set_text_with_mnemonic: assertion 'str != NULL' failed

(unity-panel-service:1771): Gtk-CRITICAL **: gtk_label_set_text_with_mnemonic: assertion 'str != NULL' failed

(unity-panel-service:1771): Gtk-CRITICAL **: gtk_label_set_text_with_mnemonic: assertion 'str != NULL' failed

(unity-panel-service:1771): Gtk-CRITICAL **: gtk_label_set_text_with_mnemonic: assertion 'str != NULL' failed

(unity-panel-service:1771): Gtk-CRITICAL **: gtk_label_set_text_with_mnemonic: assertion 'str != NULL' failed

(unity-panel-service:1771): Gtk-CRITICAL **: gtk_label_set_text_with_mnemonic: assertion 'str != NULL' failed

(unity-panel-service:1771): Gtk-CRITICAL **: gtk_label_set_text_with_mnemonic: assertion 'str != NULL' failed

(unity-panel-service:1771): Gtk-CRITICAL **: gtk_label_set_text_with_mnemonic: assertion 'str != NULL' failed

(unity-panel-service:1771): Gtk-CRITICAL **: gtk_label_set_text_with_mnemonic: assertion 'str != NULL' failed

(unity-panel-service:1771): Gtk-CRITICAL **: gtk_label_set_text_with_mnemonic: assertion 'str != NULL' failed

(unity-panel-service:1771): Gtk-CRITICAL **: gtk_label_set_text_with_mnemonic: assertion 'str != NULL' failed

(unity-panel-service:1771): Gtk-CRITICAL **: gtk_label_set_text_with_mnemonic: assertion 'str != NULL' failed

(unity-panel-service:1771): Gtk-CRITICAL **: gtk_label_set_text_with_mnemonic: assertion 'str != NULL' failed

(unity-panel-service:1771): Gtk-CRITICAL **: gtk_label_set_text_with_mnemonic: assertion 'str != NULL' failed

(unity-panel-service:1771): Gtk-CRITICAL **: gtk_label_set_text_with_mnemonic: assertion 'str != NULL' failed

(unity-panel-service:1771): Gtk-CRITICAL **: gtk_label_set_text_with_mnemonic: assertion 'str != NULL' failed

(unity-panel-service:1771): Gtk-CRITICAL **: gtk_label_set_text_with_mnemonic: assertion 'str != NULL' failed

(unity-panel-service:1771): Gtk-CRITICAL **: gtk_label_set_text_with_mnemonic: assertion 'str != NULL' failed

(unity-panel-service:1771): Gtk-CRITICAL **: gtk_label_set_text_with_mnemonic: assertion 'str != NULL' failed

(unity-panel-service:1771): Gtk-CRITICAL **: gtk_label_set_text_with_mnemonic: assertion 'str != NULL' failed

(unity-panel-service:1771): Gtk-CRITICAL **: gtk_label_set_text_with_mnemonic: assertion 'str != NULL' failed

(unity-panel-service:1771): Gtk-CRITICAL **: gtk_label_set_text_with_mnemonic: assertion 'str != NULL' failed

(unity-panel-service:1771): Gtk-CRITICAL **: gtk_label_set_text_with_mnemonic: assertion 'str != NULL' failed

(unity-panel-service:1771): Gtk-CRITICAL **: gtk_label_set_text_with_mnemonic: assertion 'str != NULL' failed

(unity-panel-service:1771): Gtk-CRITICAL **: gtk_label_set_text_with_mnemonic: assertion 'str != NULL' failed

(unity-panel-service:1771): Gtk-CRITICAL **: gtk_label_set_text_with_mnemonic: assertion 'str != NULL' failed

(unity-panel-service:1771): Gtk-CRITICAL **: gtk_label_set_text_with_mnemonic: assertion 'str != NULL' failed

(unity-panel-service:1771): Gtk-CRITICAL **: gtk_label_set_text_with_mnemonic: assertion 'str != NULL' failed

(unity-panel-service:1771): Gtk-CRITICAL **: gtk_label_set_text_with_mnemonic: assertion 'str != NULL' failed

(unity-panel-service:1771): Gtk-CRITICAL **: gtk_label_set_text_with_mnemonic: assertion 'str != NULL' failed

(unity-panel-service:1771): Gtk-CRITICAL **: gtk_label_set_text_with_mnemonic: assertion 'str != NULL' failed

(unity-panel-service:1771): Gtk-CRITICAL **: gtk_label_set_text_with_mnemonic: assertion 'str != NULL' failed

(unity-panel-service:1771): Gtk-CRITICAL **: gtk_label_set_text_with_mnemonic: assertion 'str != NULL' failed

(unity-panel-service:1771): Gtk-CRITICAL **: gtk_label_set_text_with_mnemonic: assertion 'str != NULL' failed

(unity-panel-service:1771): Gtk-CRITICAL **: gtk_label_set_text_with_mnemonic: assertion 'str != NULL' failed

(unity-panel-service:1771): Gtk-CRITICAL **: gtk_label_set_text_with_mnemonic: assertion 'str != NULL' failed

(unity-panel-service:1771): Gtk-CRITICAL **: gtk_label_set_text_with_mnemonic: assertion 'str != NULL' failed

(unity-panel-service:1771): Gtk-CRITICAL **: gtk_label_set_text_with_mnemonic: assertion 'str != NULL' failed

(unity-panel-service:1771): Gtk-CRITICAL **: gtk_label_set_text_with_mnemonic: assertion 'str != NULL' failed

(unity-panel-service:1771): Gtk-CRITICAL **: gtk_label_set_text_with_mnemonic: assertion 'str != NULL' failed

(unity-panel-service:1771): Gtk-CRITICAL **: gtk_label_set_text_with_mnemonic: assertion 'str != NULL' failed

(unity-panel-service:1771): Gtk-CRITICAL **: gtk_label_set_text_with_mnemonic: assertion 'str != NULL' failed

(unity-panel-service:1771): Gtk-CRITICAL **: gtk_label_set_text_with_mnemonic: assertion 'str != NULL' failed

(unity-panel-service:1771): Gtk-CRITICAL **: gtk_label_set_text_with_mnemonic: assertion 'str != NULL' failed

(unity-panel-service:1771): Gtk-CRITICAL **: gtk_label_set_text_with_mnemonic: assertion 'str != NULL' failed

(unity-panel-service:1771): Gtk-CRITICAL **: gtk_label_set_text_with_mnemonic: assertion 'str != NULL' failed

(unity-panel-service:1771): Gtk-CRITICAL **: gtk_label_set_text_with_mnemonic: assertion 'str != NULL' failed

(unity-panel-service:1771): GLib-CRITICAL **: Source ID 3636 was not found when attempting to remove it
